
> task-manager@0.1.0 dev
> next dev --turbopack

   ▲ Next.js 15.4.1 (Turbopack)
   - Local:        http://localhost:3001
   - Network:      http://192.168.0.135:3001
   - Environments: .env.local

 ✓ Starting...
 ✓ Ready in 1248ms
 ○ Compiling / ...
 ✓ Compiled / in 5.2s
 ⚠ [next]/internal/font/google/geist_e531dabc.module.css
Error while requesting resource
There was an issue establishing a connection while requesting https://fonts.googleapis.com/css2?family=Geist:wght@100..900&display=swap.

Import trace:
  [next]/internal/font/google/geist_e531dabc.module.css
  [next]/internal/font/google/geist_e531dabc.js
  ./src/app/layout.tsx


 ⚠ [next]/internal/font/google/geist_mono_68a01160.module.css
Error while requesting resource
There was an issue establishing a connection while requesting https://fonts.googleapis.com/css2?family=Geist+Mono:wght@100..900&display=swap.

Import trace:
  [next]/internal/font/google/geist_mono_68a01160.module.css
  [next]/internal/font/google/geist_mono_68a01160.js
  ./src/app/layout.tsx


 ⚠ [next]/internal/font/google/geist_e531dabc.module.css
next/font: warning:
Failed to download `Geist` from Google Fonts. Using fallback font instead.

Import trace:
  [next]/internal/font/google/geist_e531dabc.module.css
  [next]/internal/font/google/geist_e531dabc.js
  ./src/app/layout.tsx


 ⚠ [next]/internal/font/google/geist_mono_68a01160.module.css
next/font: warning:
Failed to download `Geist Mono` from Google Fonts. Using fallback font instead.

Import trace:
  [next]/internal/font/google/geist_mono_68a01160.module.css
  [next]/internal/font/google/geist_mono_68a01160.js
  ./src/app/layout.tsx


 GET / 200 in 5765ms
 ⚠ [next]/internal/font/google/geist_e531dabc.module.css
Error while requesting resource
There was an issue establishing a connection while requesting https://fonts.googleapis.com/css2?family=Geist:wght@100..900&display=swap.

Import trace:
  [next]/internal/font/google/geist_e531dabc.module.css
  [next]/internal/font/google/geist_e531dabc.js
  ./src/app/layout.tsx


 ⚠ [next]/internal/font/google/geist_mono_68a01160.module.css
Error while requesting resource
There was an issue establishing a connection while requesting https://fonts.googleapis.com/css2?family=Geist+Mono:wght@100..900&display=swap.

Import trace:
  [next]/internal/font/google/geist_mono_68a01160.module.css
  [next]/internal/font/google/geist_mono_68a01160.js
  ./src/app/layout.tsx


 ⚠ [next]/internal/font/google/geist_e531dabc.module.css
next/font: warning:
Failed to download `Geist` from Google Fonts. Using fallback font instead.

Import trace:
  [next]/internal/font/google/geist_e531dabc.module.css
  [next]/internal/font/google/geist_e531dabc.js
  ./src/app/layout.tsx


 ⚠ [next]/internal/font/google/geist_mono_68a01160.module.css
next/font: warning:
Failed to download `Geist Mono` from Google Fonts. Using fallback font instead.

Import trace:
  [next]/internal/font/google/geist_mono_68a01160.module.css
  [next]/internal/font/google/geist_mono_68a01160.js
  ./src/app/layout.tsx


 ○ Compiling /favicon.ico ...
 ✓ Compiled /favicon.ico in 640ms
 ⚠ [next]/internal/font/google/geist_e531dabc.module.css
Error while requesting resource
There was an issue establishing a connection while requesting https://fonts.googleapis.com/css2?family=Geist:wght@100..900&display=swap.

Import trace:
  [next]/internal/font/google/geist_e531dabc.module.css
  [next]/internal/font/google/geist_e531dabc.js
  ./src/app/layout.tsx


 ⚠ [next]/internal/font/google/geist_mono_68a01160.module.css
Error while requesting resource
There was an issue establishing a connection while requesting https://fonts.googleapis.com/css2?family=Geist+Mono:wght@100..900&display=swap.

Import trace:
  [next]/internal/font/google/geist_mono_68a01160.module.css
  [next]/internal/font/google/geist_mono_68a01160.js
  ./src/app/layout.tsx


 ⚠ [next]/internal/font/google/geist_e531dabc.module.css
next/font: warning:
Failed to download `Geist` from Google Fonts. Using fallback font instead.

Import trace:
  [next]/internal/font/google/geist_e531dabc.module.css
  [next]/internal/font/google/geist_e531dabc.js
  ./src/app/layout.tsx


 ⚠ [next]/internal/font/google/geist_mono_68a01160.module.css
next/font: warning:
Failed to download `Geist Mono` from Google Fonts. Using fallback font instead.

Import trace:
  [next]/internal/font/google/geist_mono_68a01160.module.css
  [next]/internal/font/google/geist_mono_68a01160.js
  ./src/app/layout.tsx


 GET /favicon.ico?favicon.45db1c09.ico 200 in 1025ms
 ⚠ Fast Refresh had to perform a full reload when ./src/lib/supabase.ts changed. Read more: https://nextjs.org/docs/messages/fast-refresh-reload
 ✓ Compiled in 96ms
 ⚠ [next]/internal/font/google/geist_e531dabc.module.css
Error while requesting resource
There was an issue establishing a connection while requesting https://fonts.googleapis.com/css2?family=Geist:wght@100..900&display=swap.

Import trace:
  [next]/internal/font/google/geist_e531dabc.module.css
  [next]/internal/font/google/geist_e531dabc.js
  ./src/app/layout.tsx


 ⚠ [next]/internal/font/google/geist_mono_68a01160.module.css
Error while requesting resource
There was an issue establishing a connection while requesting https://fonts.googleapis.com/css2?family=Geist+Mono:wght@100..900&display=swap.

Import trace:
  [next]/internal/font/google/geist_mono_68a01160.module.css
  [next]/internal/font/google/geist_mono_68a01160.js
  ./src/app/layout.tsx


 ⚠ [next]/internal/font/google/geist_e531dabc.module.css
next/font: warning:
Failed to download `Geist` from Google Fonts. Using fallback font instead.

Import trace:
  [next]/internal/font/google/geist_e531dabc.module.css
  [next]/internal/font/google/geist_e531dabc.js
  ./src/app/layout.tsx


 ⚠ [next]/internal/font/google/geist_mono_68a01160.module.css
next/font: warning:
Failed to download `Geist Mono` from Google Fonts. Using fallback font instead.

Import trace:
  [next]/internal/font/google/geist_mono_68a01160.module.css
  [next]/internal/font/google/geist_mono_68a01160.js
  ./src/app/layout.tsx


 GET / 200 in 480ms
 ⚠ [next]/internal/font/google/geist_e531dabc.module.css
Error while requesting resource
There was an issue establishing a connection while requesting https://fonts.googleapis.com/css2?family=Geist:wght@100..900&display=swap.

Import trace:
  [next]/internal/font/google/geist_e531dabc.module.css
  [next]/internal/font/google/geist_e531dabc.js
  ./src/app/layout.tsx


 ⚠ [next]/internal/font/google/geist_mono_68a01160.module.css
Error while requesting resource
There was an issue establishing a connection while requesting https://fonts.googleapis.com/css2?family=Geist+Mono:wght@100..900&display=swap.

Import trace:
  [next]/internal/font/google/geist_mono_68a01160.module.css
  [next]/internal/font/google/geist_mono_68a01160.js
  ./src/app/layout.tsx


 ⚠ [next]/internal/font/google/geist_e531dabc.module.css
next/font: warning:
Failed to download `Geist` from Google Fonts. Using fallback font instead.

Import trace:
  [next]/internal/font/google/geist_e531dabc.module.css
  [next]/internal/font/google/geist_e531dabc.js
  ./src/app/layout.tsx


 ⚠ [next]/internal/font/google/geist_mono_68a01160.module.css
next/font: warning:
Failed to download `Geist Mono` from Google Fonts. Using fallback font instead.

Import trace:
  [next]/internal/font/google/geist_mono_68a01160.module.css
  [next]/internal/font/google/geist_mono_68a01160.js
  ./src/app/layout.tsx


 ⚠ [next]/internal/font/google/geist_e531dabc.module.css
Error while requesting resource
There was an issue establishing a connection while requesting https://fonts.googleapis.com/css2?family=Geist:wght@100..900&display=swap.

Import trace:
  [next]/internal/font/google/geist_e531dabc.module.css
  [next]/internal/font/google/geist_e531dabc.js
  ./src/app/layout.tsx


 ⚠ [next]/internal/font/google/geist_mono_68a01160.module.css
Error while requesting resource
There was an issue establishing a connection while requesting https://fonts.googleapis.com/css2?family=Geist+Mono:wght@100..900&display=swap.

Import trace:
  [next]/internal/font/google/geist_mono_68a01160.module.css
  [next]/internal/font/google/geist_mono_68a01160.js
  ./src/app/layout.tsx


 ⚠ [next]/internal/font/google/geist_e531dabc.module.css
next/font: warning:
Failed to download `Geist` from Google Fonts. Using fallback font instead.

Import trace:
  [next]/internal/font/google/geist_e531dabc.module.css
  [next]/internal/font/google/geist_e531dabc.js
  ./src/app/layout.tsx


 ⚠ [next]/internal/font/google/geist_mono_68a01160.module.css
next/font: warning:
Failed to download `Geist Mono` from Google Fonts. Using fallback font instead.

Import trace:
  [next]/internal/font/google/geist_mono_68a01160.module.css
  [next]/internal/font/google/geist_mono_68a01160.js
  ./src/app/layout.tsx


 GET /favicon.ico?favicon.45db1c09.ico 200 in 278ms
 ✓ Compiled in 53ms
